<?xml version="1.0"?>
<testsuite name="Chrome 55.0.2883 (Mac OS X 10.11.3)" package="" timestamp="2016-12-18T03:08:45" id="0" hostname="felicity.local" tests="1" errors="0" failures="0" time="0.003">
  <properties>
    <property name="browser.fullName" value="Mozilla/5.0 (Macintosh; Intel Mac OS X 10_11_3) AppleWebKit/537.36 (KHTML, like Gecko) Chrome/55.0.2883.95 Safari/537.36"/>
  </properties>
  <testcase name="A test suite contains test spec with an expectation" time="0.003" classname="Chrome_55_0_2883_(Mac_OS_X_10_11_3).A test suite"/>
  <system-out>
    <![CDATA[Chrome 55.0.2883 (Mac OS X 10.11.3) LOG: 'hello world'

]]>
  </system-out>
  <system-err/>
</testsuite>