<?xml version="1.0"?>
<testsuite name="Chrome 54.0.2840 (Mac OS X 10.11.3)" package="" timestamp="2016-12-01T11:06:44" id="0" hostname="felicity.local" tests="1" errors="0" failures="0" time="0.002">
  <properties>
    <property name="browser.fullName" value="Mozilla/5.0 (Macintosh; Intel Mac OS X 10_11_3) AppleWebKit/537.36 (KHTML, like Gecko) Chrome/54.0.2840.98 Safari/537.36"/>
  </properties>
  <testcase name="A test suite contains test spec with an expectation" time="0.002" classname="Chrome_54_0_2840_(Mac_OS_X_10_11_3).A test suite"/>
  <system-out>
    <![CDATA[Chrome 54.0.2840 (Mac OS X 10.11.3) LOG: 'hello world'

]]>
  </system-out>
  <system-err/>
</testsuite>